<?xml version="1.0" encoding="UTF-8"?>
<!-- Generated by org.testng.reporters.JUnitXMLReporter -->
<testsuite hostname="II5MACMINI-04.local" ignored="0" name="SingleTestChrome" tests="1" failures="0" timestamp="09 Mar 2017 11:03:54 GMT" time="6.506" errors="0">
  <testcase name="@BeforeMethod setUp" time="0.0" classname="browserStackTestNG.BrowserStackTestNGTest">
    <failure type="com.browserstack.local.LocalException" message=" *** Error: Either another browserstack local client is running on your machine or some server is listening on port 45691">
      <![CDATA[com.browserstack.local.LocalException:  *** Error: Either another browserstack local client is running on your machine or some server is listening on port 45691
	at com.browserstack.local.Local.start(Local.java:90)
	at browserStackTestNG.BrowserStackTestNGTest.setUp(BrowserStackTestNGTest.java:74)
	at java.util.concurrent.FutureTask.run(FutureTask.java:266)
	at java.util.concurrent.ThreadPoolExecutor.runWorker(ThreadPoolExecutor.java:1142)
	at java.util.concurrent.ThreadPoolExecutor$Worker.run(ThreadPoolExecutor.java:617)
	at java.lang.Thread.run(Thread.java:745)
... Removed 18 stack frames]]>
    </failure>
  </testcase> <!-- @BeforeMethod setUp -->
  <testcase name="@BeforeMethod setUp" time="0.0" classname="browserStackTestNG.BrowserStackTestNGTest">
    <failure type="com.browserstack.local.LocalException" message=" *** Error: Either another browserstack local client is running on your machine or some server is listening on port 45691">
      <![CDATA[com.browserstack.local.LocalException:  *** Error: Either another browserstack local client is running on your machine or some server is listening on port 45691
	at com.browserstack.local.Local.start(Local.java:90)
	at browserStackTestNG.BrowserStackTestNGTest.setUp(BrowserStackTestNGTest.java:74)
	at java.util.concurrent.FutureTask.run(FutureTask.java:266)
	at java.util.concurrent.ThreadPoolExecutor.runWorker(ThreadPoolExecutor.java:1142)
	at java.util.concurrent.ThreadPoolExecutor$Worker.run(ThreadPoolExecutor.java:617)
	at java.lang.Thread.run(Thread.java:745)
... Removed 18 stack frames]]>
    </failure>
  </testcase> <!-- @BeforeMethod setUp -->
  <testcase name="@BeforeMethod setUp" time="0.0" classname="browserStackTestNG.BrowserStackTestNGTest">
    <failure type="com.browserstack.local.LocalException" message=" *** Error: Either another browserstack local client is running on your machine or some server is listening on port 45691">
      <![CDATA[com.browserstack.local.LocalException:  *** Error: Either another browserstack local client is running on your machine or some server is listening on port 45691
	at com.browserstack.local.Local.start(Local.java:90)
	at browserStackTestNG.BrowserStackTestNGTest.setUp(BrowserStackTestNGTest.java:74)
	at java.util.concurrent.FutureTask.run(FutureTask.java:266)
	at java.util.concurrent.ThreadPoolExecutor.runWorker(ThreadPoolExecutor.java:1142)
	at java.util.concurrent.ThreadPoolExecutor$Worker.run(ThreadPoolExecutor.java:617)
	at java.lang.Thread.run(Thread.java:745)
... Removed 18 stack frames]]>
    </failure>
  </testcase> <!-- @BeforeMethod setUp -->
  <testcase name="@AfterMethod tearDown" time="0.0" classname="browserStackTestNG.BrowserStackTestNGTest">
    <failure type="java.lang.NullPointerException">
      <![CDATA[java.lang.NullPointerException
	at browserStackTestNG.BrowserStackTestNGTest.tearDown(BrowserStackTestNGTest.java:90)
	at java.util.concurrent.FutureTask.run(FutureTask.java:266)
	at java.util.concurrent.ThreadPoolExecutor.runWorker(ThreadPoolExecutor.java:1142)
	at java.util.concurrent.ThreadPoolExecutor$Worker.run(ThreadPoolExecutor.java:617)
	at java.lang.Thread.run(Thread.java:745)
... Removed 18 stack frames]]>
    </failure>
  </testcase> <!-- @AfterMethod tearDown -->
  <testcase name="@AfterMethod tearDown" time="0.0" classname="browserStackTestNG.BrowserStackTestNGTest">
    <failure type="java.lang.NullPointerException">
      <![CDATA[java.lang.NullPointerException
	at browserStackTestNG.BrowserStackTestNGTest.tearDown(BrowserStackTestNGTest.java:90)
	at java.util.concurrent.FutureTask.run(FutureTask.java:266)
	at java.util.concurrent.ThreadPoolExecutor.runWorker(ThreadPoolExecutor.java:1142)
	at java.util.concurrent.ThreadPoolExecutor$Worker.run(ThreadPoolExecutor.java:617)
	at java.lang.Thread.run(Thread.java:745)
... Removed 18 stack frames]]>
    </failure>
  </testcase> <!-- @AfterMethod tearDown -->
  <testcase name="@AfterMethod tearDown" time="0.0" classname="browserStackTestNG.BrowserStackTestNGTest">
    <failure type="java.lang.NullPointerException">
      <![CDATA[java.lang.NullPointerException
	at browserStackTestNG.BrowserStackTestNGTest.tearDown(BrowserStackTestNGTest.java:90)
	at java.util.concurrent.FutureTask.run(FutureTask.java:266)
	at java.util.concurrent.ThreadPoolExecutor.runWorker(ThreadPoolExecutor.java:1142)
	at java.util.concurrent.ThreadPoolExecutor$Worker.run(ThreadPoolExecutor.java:617)
	at java.lang.Thread.run(Thread.java:745)
... Removed 18 stack frames]]>
    </failure>
  </testcase> <!-- @AfterMethod tearDown -->
  <testcase name="@BeforeMethod setUp" time="0.0" classname="browserStackTestNG.BrowserStackTestNGTest">
    <failure type="com.browserstack.local.LocalException" message=" *** Error: Either another browserstack local client is running on your machine or some server is listening on port 45691">
      <![CDATA[com.browserstack.local.LocalException:  *** Error: Either another browserstack local client is running on your machine or some server is listening on port 45691
	at com.browserstack.local.Local.start(Local.java:90)
	at browserStackTestNG.BrowserStackTestNGTest.setUp(BrowserStackTestNGTest.java:74)
	at java.util.concurrent.FutureTask.run(FutureTask.java:266)
	at java.util.concurrent.ThreadPoolExecutor.runWorker(ThreadPoolExecutor.java:1142)
	at java.util.concurrent.ThreadPoolExecutor$Worker.run(ThreadPoolExecutor.java:617)
	at java.lang.Thread.run(Thread.java:745)
... Removed 18 stack frames]]>
    </failure>
  </testcase> <!-- @BeforeMethod setUp -->
  <testcase name="@AfterMethod tearDown" time="0.0" classname="browserStackTestNG.BrowserStackTestNGTest">
    <failure type="java.lang.NullPointerException">
      <![CDATA[java.lang.NullPointerException
	at browserStackTestNG.BrowserStackTestNGTest.tearDown(BrowserStackTestNGTest.java:90)
	at java.util.concurrent.FutureTask.run(FutureTask.java:266)
	at java.util.concurrent.ThreadPoolExecutor.runWorker(ThreadPoolExecutor.java:1142)
	at java.util.concurrent.ThreadPoolExecutor$Worker.run(ThreadPoolExecutor.java:617)
	at java.lang.Thread.run(Thread.java:745)
... Removed 18 stack frames]]>
    </failure>
  </testcase> <!-- @AfterMethod tearDown -->
  <testcase name="verify_page_load_on_browser" time="0.002" classname="stagingQA1.Verify_page_load_on_browser">
    <skipped/>
  </testcase> <!-- verify_page_load_on_browser -->
</testsuite> <!-- SingleTestChrome -->
