<?xml version="1.0" encoding="UTF-8"?>
<!-- Generated by org.testng.reporters.JUnitXMLReporter -->
<testsuite hostname="II5MACMINI-04.local" ignored="0" name="SingleTestChrome" tests="24" failures="0" timestamp="22 Mar 2017 09:20:54 GMT" time="1524.675" errors="0">
  <testcase name="valid_cityName_invalid_state" time="22.242" classname="stagingURL.TC10_valid_cityName_invalid_state"/>
  <testcase name="valid_cityName_invalid_state" time="23.583" classname="stagingURL.TC11_Valid_StreetAddress_City_and_StateProvince_provided"/>
  <testcase name="invalid_Street_address_with_valid_CityName_and_valid_StateName" time="27.892" classname="stagingURL.TC12_Invalid_Street_address_with_valid_CityName_and_valid_StateName"/>
  <testcase name="invalid_postal_code" time="24.928" classname="stagingURL.TC13_Valid_Street_address_with_invalid_City_name_and_valid_StateProvince_name"/>
  <testcase name="moving_the_map_by_dragging" time="30.148" classname="stagingURL.TC14_Moving_the_map_by_dragging"/>
  <testcase name="no_changes_to_search_filters_based_on_the_map_movement" time="36.01" classname="stagingURL.TC18_No_changes_to_search_filters_based_on_the_map_movement"/>
  <testcase name="verify_page_load_on_browser" time="21.033" classname="stagingURL.TC1_To_verify_page_load_on_browser"/>
  <testcase name="zoom_In" time="32.46" classname="stagingURL.TC22_Zoom_In"/>
  <testcase name="zoom_out" time="32.172" classname="stagingURL.TC23_Zoom_out"/>
  <testcase name="result_Panel_Click_on_Bubble" time="24.498" classname="stagingURL.TC25_Result_Panel_Click_on_Bubble"/>
  <testcase name="get_Direction_Button" time="31.085" classname="stagingURL.TC26_Get_direction_button"/>
  <testcase name="close_button_of_the_details_bubble_icon" time="33.122" classname="stagingURL.TC28_Close_button_bubble_icon"/>
  <testcase name="send_location_details_to_phone_via_sms" time="26.308" classname="stagingURL.TC29_Send_Location_details_to_Phone_via_SMS"/>
  <testcase name="verify_regionalmap_presented_on_page_load" time="23.135" classname="stagingURL.TC2_To_verify_regionalmap_presented_on_page_load"/>
  <testcase name="send_location_details_to_email_address" time="46.027" classname="stagingURL.TC30_Send_Location_details_to_email_address"/>
  <testcase name="search_radius_selection" time="28.746" classname="stagingURL.TC33_Search_radius_selection"/>
  <testcase name="to_veirfy_on_Mobile_device_is_GPS_location_detected" time="309.183" classname="stagingURL.TC3_To_veirfy_on_Mobile_device_is_GPS_location_detected"/>
  <testcase name="eader_Footer_links" time="27.348" classname="stagingURL.TC40_Header_Footer_links"/>
  <testcase name="blank_address_search_textbox" time="22.876" classname="stagingURL.TC4_Blank_address_search_textbox"/>
  <testcase name="special_characters_in_the_search_textbox" time="20.963" classname="stagingURL.TC5_Special_characters_in_the_search_textbox"/>
  <testcase name="valid_postal_code" time="24.27" classname="stagingURL.TC6_valid_postal_code"/>
  <testcase name="valid_postal_code" time="22.217" classname="stagingURL.TC7_invalid_postal_code"/>
  <testcase name="valid_postal_code" time="24.634" classname="stagingURL.TC8_valid_city_and_state_name"/>
  <testcase name="invalid_postal_code" time="23.847" classname="stagingURL.TC9_Invalid_city_and_state_name"/>
</testsuite> <!-- SingleTestChrome -->
