<?xml version="1.0" encoding="UTF-8"?>
<!-- Generated by org.testng.reporters.JUnitXMLReporter -->
<testsuite hostname="II5MACMINI-04.local" ignored="0" name="SingleTestAndroid" tests="24" failures="0" timestamp="22 Mar 2017 08:50:52 GMT" time="53.147" errors="0">
  <testcase name="@BeforeMethod setUp" time="0.0" classname="browserStackTestNG.BrowserStackTestNGTest">
    <failure type="com.browserstack.local.LocalException" message=" *** Error: Either another browserstack local client is running on your machine or some server is listening on port 45691">
      <![CDATA[com.browserstack.local.LocalException:  *** Error: Either another browserstack local client is running on your machine or some server is listening on port 45691
	at com.browserstack.local.Local.start(Local.java:90)
	at browserStackTestNG.BrowserStackTestNGTest.setUp(BrowserStackTestNGTest.java:91)
	at java.util.concurrent.FutureTask.run(FutureTask.java:266)
	at java.util.concurrent.ThreadPoolExecutor.runWorker(ThreadPoolExecutor.java:1142)
	at java.util.concurrent.ThreadPoolExecutor$Worker.run(ThreadPoolExecutor.java:617)
	at java.lang.Thread.run(Thread.java:745)
... Removed 17 stack frames]]>
    </failure>
  </testcase> <!-- @BeforeMethod setUp -->
  <testcase name="@BeforeMethod handleTestMethodName" time="0.0" classname="stagingURL.TC10_valid_cityName_invalid_state">
    <skipped/>
  </testcase> <!-- @BeforeMethod handleTestMethodName -->
  <testcase name="@AfterMethod getResult" time="0.0" classname="stagingURL.TC10_valid_cityName_invalid_state">
    <skipped/>
  </testcase> <!-- @AfterMethod getResult -->
  <testcase name="@AfterMethod tearDown" time="0.0" classname="browserStackTestNG.BrowserStackTestNGTest">
    <failure type="java.lang.NullPointerException">
      <![CDATA[java.lang.NullPointerException
	at browserStackTestNG.BrowserStackTestNGTest.tearDown(BrowserStackTestNGTest.java:117)
	at java.util.concurrent.FutureTask.run(FutureTask.java:266)
	at java.util.concurrent.ThreadPoolExecutor.runWorker(ThreadPoolExecutor.java:1142)
	at java.util.concurrent.ThreadPoolExecutor$Worker.run(ThreadPoolExecutor.java:617)
	at java.lang.Thread.run(Thread.java:745)
... Removed 17 stack frames]]>
    </failure>
  </testcase> <!-- @AfterMethod tearDown -->
  <testcase name="@BeforeMethod setUp" time="0.0" classname="browserStackTestNG.BrowserStackTestNGTest">
    <failure type="com.browserstack.local.LocalException" message=" *** Error: Either another browserstack local client is running on your machine or some server is listening on port 45691">
      <![CDATA[com.browserstack.local.LocalException:  *** Error: Either another browserstack local client is running on your machine or some server is listening on port 45691
	at com.browserstack.local.Local.start(Local.java:90)
	at browserStackTestNG.BrowserStackTestNGTest.setUp(BrowserStackTestNGTest.java:91)
	at java.util.concurrent.FutureTask.run(FutureTask.java:266)
	at java.util.concurrent.ThreadPoolExecutor.runWorker(ThreadPoolExecutor.java:1142)
	at java.util.concurrent.ThreadPoolExecutor$Worker.run(ThreadPoolExecutor.java:617)
	at java.lang.Thread.run(Thread.java:745)
... Removed 17 stack frames]]>
    </failure>
  </testcase> <!-- @BeforeMethod setUp -->
  <testcase name="@BeforeMethod handleTestMethodName" time="0.0" classname="stagingURL.TC11_Valid_StreetAddress_City_and_StateProvince_provided">
    <skipped/>
  </testcase> <!-- @BeforeMethod handleTestMethodName -->
  <testcase name="@AfterMethod getResult" time="0.0" classname="stagingURL.TC11_Valid_StreetAddress_City_and_StateProvince_provided">
    <skipped/>
  </testcase> <!-- @AfterMethod getResult -->
  <testcase name="@AfterMethod tearDown" time="0.0" classname="browserStackTestNG.BrowserStackTestNGTest">
    <failure type="java.lang.NullPointerException">
      <![CDATA[java.lang.NullPointerException
	at browserStackTestNG.BrowserStackTestNGTest.tearDown(BrowserStackTestNGTest.java:117)
	at java.util.concurrent.FutureTask.run(FutureTask.java:266)
	at java.util.concurrent.ThreadPoolExecutor.runWorker(ThreadPoolExecutor.java:1142)
	at java.util.concurrent.ThreadPoolExecutor$Worker.run(ThreadPoolExecutor.java:617)
	at java.lang.Thread.run(Thread.java:745)
... Removed 17 stack frames]]>
    </failure>
  </testcase> <!-- @AfterMethod tearDown -->
  <testcase name="@BeforeMethod setUp" time="0.0" classname="browserStackTestNG.BrowserStackTestNGTest">
    <failure type="com.browserstack.local.LocalException" message=" *** Error: Either another browserstack local client is running on your machine or some server is listening on port 45691">
      <![CDATA[com.browserstack.local.LocalException:  *** Error: Either another browserstack local client is running on your machine or some server is listening on port 45691
	at com.browserstack.local.Local.start(Local.java:90)
	at browserStackTestNG.BrowserStackTestNGTest.setUp(BrowserStackTestNGTest.java:91)
	at java.util.concurrent.FutureTask.run(FutureTask.java:266)
	at java.util.concurrent.ThreadPoolExecutor.runWorker(ThreadPoolExecutor.java:1142)
	at java.util.concurrent.ThreadPoolExecutor$Worker.run(ThreadPoolExecutor.java:617)
	at java.lang.Thread.run(Thread.java:745)
... Removed 17 stack frames]]>
    </failure>
  </testcase> <!-- @BeforeMethod setUp -->
  <testcase name="@BeforeMethod handleTestMethodName" time="0.0" classname="stagingURL.TC12_Invalid_Street_address_with_valid_CityName_and_valid_StateName">
    <skipped/>
  </testcase> <!-- @BeforeMethod handleTestMethodName -->
  <testcase name="@AfterMethod getResult" time="0.0" classname="stagingURL.TC12_Invalid_Street_address_with_valid_CityName_and_valid_StateName">
    <skipped/>
  </testcase> <!-- @AfterMethod getResult -->
  <testcase name="@AfterMethod tearDown" time="0.0" classname="browserStackTestNG.BrowserStackTestNGTest">
    <failure type="java.lang.NullPointerException">
      <![CDATA[java.lang.NullPointerException
	at browserStackTestNG.BrowserStackTestNGTest.tearDown(BrowserStackTestNGTest.java:117)
	at java.util.concurrent.FutureTask.run(FutureTask.java:266)
	at java.util.concurrent.ThreadPoolExecutor.runWorker(ThreadPoolExecutor.java:1142)
	at java.util.concurrent.ThreadPoolExecutor$Worker.run(ThreadPoolExecutor.java:617)
	at java.lang.Thread.run(Thread.java:745)
... Removed 17 stack frames]]>
    </failure>
  </testcase> <!-- @AfterMethod tearDown -->
  <testcase name="@BeforeMethod setUp" time="0.0" classname="browserStackTestNG.BrowserStackTestNGTest">
    <failure type="com.browserstack.local.LocalException" message=" *** Error: Either another browserstack local client is running on your machine or some server is listening on port 45691">
      <![CDATA[com.browserstack.local.LocalException:  *** Error: Either another browserstack local client is running on your machine or some server is listening on port 45691
	at com.browserstack.local.Local.start(Local.java:90)
	at browserStackTestNG.BrowserStackTestNGTest.setUp(BrowserStackTestNGTest.java:91)
	at java.util.concurrent.FutureTask.run(FutureTask.java:266)
	at java.util.concurrent.ThreadPoolExecutor.runWorker(ThreadPoolExecutor.java:1142)
	at java.util.concurrent.ThreadPoolExecutor$Worker.run(ThreadPoolExecutor.java:617)
	at java.lang.Thread.run(Thread.java:745)
... Removed 17 stack frames]]>
    </failure>
  </testcase> <!-- @BeforeMethod setUp -->
  <testcase name="@BeforeMethod handleTestMethodName" time="0.0" classname="stagingURL.TC13_Valid_Street_address_with_invalid_City_name_and_valid_StateProvince_name">
    <skipped/>
  </testcase> <!-- @BeforeMethod handleTestMethodName -->
  <testcase name="@AfterMethod getResult" time="0.0" classname="stagingURL.TC13_Valid_Street_address_with_invalid_City_name_and_valid_StateProvince_name">
    <skipped/>
  </testcase> <!-- @AfterMethod getResult -->
  <testcase name="@AfterMethod tearDown" time="0.0" classname="browserStackTestNG.BrowserStackTestNGTest">
    <failure type="java.lang.NullPointerException">
      <![CDATA[java.lang.NullPointerException
	at browserStackTestNG.BrowserStackTestNGTest.tearDown(BrowserStackTestNGTest.java:117)
	at java.util.concurrent.FutureTask.run(FutureTask.java:266)
	at java.util.concurrent.ThreadPoolExecutor.runWorker(ThreadPoolExecutor.java:1142)
	at java.util.concurrent.ThreadPoolExecutor$Worker.run(ThreadPoolExecutor.java:617)
	at java.lang.Thread.run(Thread.java:745)
... Removed 17 stack frames]]>
    </failure>
  </testcase> <!-- @AfterMethod tearDown -->
  <testcase name="@BeforeMethod setUp" time="0.0" classname="browserStackTestNG.BrowserStackTestNGTest">
    <failure type="com.browserstack.local.LocalException" message=" *** Error: Either another browserstack local client is running on your machine or some server is listening on port 45691">
      <![CDATA[com.browserstack.local.LocalException:  *** Error: Either another browserstack local client is running on your machine or some server is listening on port 45691
	at com.browserstack.local.Local.start(Local.java:90)
	at browserStackTestNG.BrowserStackTestNGTest.setUp(BrowserStackTestNGTest.java:91)
	at java.util.concurrent.FutureTask.run(FutureTask.java:266)
	at java.util.concurrent.ThreadPoolExecutor.runWorker(ThreadPoolExecutor.java:1142)
	at java.util.concurrent.ThreadPoolExecutor$Worker.run(ThreadPoolExecutor.java:617)
	at java.lang.Thread.run(Thread.java:745)
... Removed 17 stack frames]]>
    </failure>
  </testcase> <!-- @BeforeMethod setUp -->
  <testcase name="@BeforeMethod handleTestMethodName" time="0.0" classname="stagingURL.TC14_Moving_the_map_by_dragging">
    <skipped/>
  </testcase> <!-- @BeforeMethod handleTestMethodName -->
  <testcase name="@AfterMethod getResult" time="0.0" classname="stagingURL.TC14_Moving_the_map_by_dragging">
    <skipped/>
  </testcase> <!-- @AfterMethod getResult -->
  <testcase name="@AfterMethod tearDown" time="0.0" classname="browserStackTestNG.BrowserStackTestNGTest">
    <failure type="java.lang.NullPointerException">
      <![CDATA[java.lang.NullPointerException
	at browserStackTestNG.BrowserStackTestNGTest.tearDown(BrowserStackTestNGTest.java:117)
	at java.util.concurrent.FutureTask.run(FutureTask.java:266)
	at java.util.concurrent.ThreadPoolExecutor.runWorker(ThreadPoolExecutor.java:1142)
	at java.util.concurrent.ThreadPoolExecutor$Worker.run(ThreadPoolExecutor.java:617)
	at java.lang.Thread.run(Thread.java:745)
... Removed 17 stack frames]]>
    </failure>
  </testcase> <!-- @AfterMethod tearDown -->
  <testcase name="@BeforeMethod setUp" time="0.0" classname="browserStackTestNG.BrowserStackTestNGTest">
    <failure type="com.browserstack.local.LocalException" message=" *** Error: Either another browserstack local client is running on your machine or some server is listening on port 45691">
      <![CDATA[com.browserstack.local.LocalException:  *** Error: Either another browserstack local client is running on your machine or some server is listening on port 45691
	at com.browserstack.local.Local.start(Local.java:90)
	at browserStackTestNG.BrowserStackTestNGTest.setUp(BrowserStackTestNGTest.java:91)
	at java.util.concurrent.FutureTask.run(FutureTask.java:266)
	at java.util.concurrent.ThreadPoolExecutor.runWorker(ThreadPoolExecutor.java:1142)
	at java.util.concurrent.ThreadPoolExecutor$Worker.run(ThreadPoolExecutor.java:617)
	at java.lang.Thread.run(Thread.java:745)
... Removed 17 stack frames]]>
    </failure>
  </testcase> <!-- @BeforeMethod setUp -->
  <testcase name="@BeforeMethod handleTestMethodName" time="0.0" classname="stagingURL.TC18_No_changes_to_search_filters_based_on_the_map_movement">
    <skipped/>
  </testcase> <!-- @BeforeMethod handleTestMethodName -->
  <testcase name="@AfterMethod getResult" time="0.0" classname="stagingURL.TC18_No_changes_to_search_filters_based_on_the_map_movement">
    <skipped/>
  </testcase> <!-- @AfterMethod getResult -->
  <testcase name="@AfterMethod tearDown" time="0.0" classname="browserStackTestNG.BrowserStackTestNGTest">
    <failure type="java.lang.NullPointerException">
      <![CDATA[java.lang.NullPointerException
	at browserStackTestNG.BrowserStackTestNGTest.tearDown(BrowserStackTestNGTest.java:117)
	at java.util.concurrent.FutureTask.run(FutureTask.java:266)
	at java.util.concurrent.ThreadPoolExecutor.runWorker(ThreadPoolExecutor.java:1142)
	at java.util.concurrent.ThreadPoolExecutor$Worker.run(ThreadPoolExecutor.java:617)
	at java.lang.Thread.run(Thread.java:745)
... Removed 17 stack frames]]>
    </failure>
  </testcase> <!-- @AfterMethod tearDown -->
  <testcase name="@BeforeMethod setUp" time="0.0" classname="browserStackTestNG.BrowserStackTestNGTest">
    <failure type="com.browserstack.local.LocalException" message=" *** Error: Either another browserstack local client is running on your machine or some server is listening on port 45691">
      <![CDATA[com.browserstack.local.LocalException:  *** Error: Either another browserstack local client is running on your machine or some server is listening on port 45691
	at com.browserstack.local.Local.start(Local.java:90)
	at browserStackTestNG.BrowserStackTestNGTest.setUp(BrowserStackTestNGTest.java:91)
	at java.util.concurrent.FutureTask.run(FutureTask.java:266)
	at java.util.concurrent.ThreadPoolExecutor.runWorker(ThreadPoolExecutor.java:1142)
	at java.util.concurrent.ThreadPoolExecutor$Worker.run(ThreadPoolExecutor.java:617)
	at java.lang.Thread.run(Thread.java:745)
... Removed 17 stack frames]]>
    </failure>
  </testcase> <!-- @BeforeMethod setUp -->
  <testcase name="@BeforeMethod handleTestMethodName" time="0.0" classname="stagingURL.TC1_To_verify_page_load_on_browser">
    <skipped/>
  </testcase> <!-- @BeforeMethod handleTestMethodName -->
  <testcase name="@AfterMethod getResult" time="0.0" classname="stagingURL.TC1_To_verify_page_load_on_browser">
    <skipped/>
  </testcase> <!-- @AfterMethod getResult -->
  <testcase name="@AfterMethod tearDown" time="0.0" classname="browserStackTestNG.BrowserStackTestNGTest">
    <failure type="java.lang.NullPointerException">
      <![CDATA[java.lang.NullPointerException
	at browserStackTestNG.BrowserStackTestNGTest.tearDown(BrowserStackTestNGTest.java:117)
	at java.util.concurrent.FutureTask.run(FutureTask.java:266)
	at java.util.concurrent.ThreadPoolExecutor.runWorker(ThreadPoolExecutor.java:1142)
	at java.util.concurrent.ThreadPoolExecutor$Worker.run(ThreadPoolExecutor.java:617)
	at java.lang.Thread.run(Thread.java:745)
... Removed 17 stack frames]]>
    </failure>
  </testcase> <!-- @AfterMethod tearDown -->
  <testcase name="@BeforeMethod setUp" time="0.0" classname="browserStackTestNG.BrowserStackTestNGTest">
    <failure type="com.browserstack.local.LocalException" message=" *** Error: Either another browserstack local client is running on your machine or some server is listening on port 45691">
      <![CDATA[com.browserstack.local.LocalException:  *** Error: Either another browserstack local client is running on your machine or some server is listening on port 45691
	at com.browserstack.local.Local.start(Local.java:90)
	at browserStackTestNG.BrowserStackTestNGTest.setUp(BrowserStackTestNGTest.java:91)
	at java.util.concurrent.FutureTask.run(FutureTask.java:266)
	at java.util.concurrent.ThreadPoolExecutor.runWorker(ThreadPoolExecutor.java:1142)
	at java.util.concurrent.ThreadPoolExecutor$Worker.run(ThreadPoolExecutor.java:617)
	at java.lang.Thread.run(Thread.java:745)
... Removed 17 stack frames]]>
    </failure>
  </testcase> <!-- @BeforeMethod setUp -->
  <testcase name="@BeforeMethod handleTestMethodName" time="0.0" classname="stagingURL.TC22_Zoom_In">
    <skipped/>
  </testcase> <!-- @BeforeMethod handleTestMethodName -->
  <testcase name="@AfterMethod getResult" time="0.0" classname="stagingURL.TC22_Zoom_In">
    <skipped/>
  </testcase> <!-- @AfterMethod getResult -->
  <testcase name="@AfterMethod tearDown" time="0.0" classname="browserStackTestNG.BrowserStackTestNGTest">
    <failure type="java.lang.NullPointerException">
      <![CDATA[java.lang.NullPointerException
	at browserStackTestNG.BrowserStackTestNGTest.tearDown(BrowserStackTestNGTest.java:117)
	at java.util.concurrent.FutureTask.run(FutureTask.java:266)
	at java.util.concurrent.ThreadPoolExecutor.runWorker(ThreadPoolExecutor.java:1142)
	at java.util.concurrent.ThreadPoolExecutor$Worker.run(ThreadPoolExecutor.java:617)
	at java.lang.Thread.run(Thread.java:745)
... Removed 17 stack frames]]>
    </failure>
  </testcase> <!-- @AfterMethod tearDown -->
  <testcase name="@BeforeMethod setUp" time="0.0" classname="browserStackTestNG.BrowserStackTestNGTest">
    <failure type="com.browserstack.local.LocalException" message=" *** Error: Either another browserstack local client is running on your machine or some server is listening on port 45691">
      <![CDATA[com.browserstack.local.LocalException:  *** Error: Either another browserstack local client is running on your machine or some server is listening on port 45691
	at com.browserstack.local.Local.start(Local.java:90)
	at browserStackTestNG.BrowserStackTestNGTest.setUp(BrowserStackTestNGTest.java:91)
	at java.util.concurrent.FutureTask.run(FutureTask.java:266)
	at java.util.concurrent.ThreadPoolExecutor.runWorker(ThreadPoolExecutor.java:1142)
	at java.util.concurrent.ThreadPoolExecutor$Worker.run(ThreadPoolExecutor.java:617)
	at java.lang.Thread.run(Thread.java:745)
... Removed 17 stack frames]]>
    </failure>
  </testcase> <!-- @BeforeMethod setUp -->
  <testcase name="@BeforeMethod handleTestMethodName" time="0.0" classname="stagingURL.TC23_Zoom_out">
    <skipped/>
  </testcase> <!-- @BeforeMethod handleTestMethodName -->
  <testcase name="@AfterMethod getResult" time="0.0" classname="stagingURL.TC23_Zoom_out">
    <skipped/>
  </testcase> <!-- @AfterMethod getResult -->
  <testcase name="@AfterMethod tearDown" time="0.0" classname="browserStackTestNG.BrowserStackTestNGTest">
    <failure type="java.lang.NullPointerException">
      <![CDATA[java.lang.NullPointerException
	at browserStackTestNG.BrowserStackTestNGTest.tearDown(BrowserStackTestNGTest.java:117)
	at java.util.concurrent.FutureTask.run(FutureTask.java:266)
	at java.util.concurrent.ThreadPoolExecutor.runWorker(ThreadPoolExecutor.java:1142)
	at java.util.concurrent.ThreadPoolExecutor$Worker.run(ThreadPoolExecutor.java:617)
	at java.lang.Thread.run(Thread.java:745)
... Removed 17 stack frames]]>
    </failure>
  </testcase> <!-- @AfterMethod tearDown -->
  <testcase name="@BeforeMethod setUp" time="0.0" classname="browserStackTestNG.BrowserStackTestNGTest">
    <failure type="com.browserstack.local.LocalException" message=" *** Error: Either another browserstack local client is running on your machine or some server is listening on port 45691">
      <![CDATA[com.browserstack.local.LocalException:  *** Error: Either another browserstack local client is running on your machine or some server is listening on port 45691
	at com.browserstack.local.Local.start(Local.java:90)
	at browserStackTestNG.BrowserStackTestNGTest.setUp(BrowserStackTestNGTest.java:91)
	at java.util.concurrent.FutureTask.run(FutureTask.java:266)
	at java.util.concurrent.ThreadPoolExecutor.runWorker(ThreadPoolExecutor.java:1142)
	at java.util.concurrent.ThreadPoolExecutor$Worker.run(ThreadPoolExecutor.java:617)
	at java.lang.Thread.run(Thread.java:745)
... Removed 17 stack frames]]>
    </failure>
  </testcase> <!-- @BeforeMethod setUp -->
  <testcase name="@BeforeMethod handleTestMethodName" time="0.0" classname="stagingURL.TC25_Result_Panel_Click_on_Bubble">
    <skipped/>
  </testcase> <!-- @BeforeMethod handleTestMethodName -->
  <testcase name="@AfterMethod getResult" time="0.0" classname="stagingURL.TC25_Result_Panel_Click_on_Bubble">
    <skipped/>
  </testcase> <!-- @AfterMethod getResult -->
  <testcase name="@AfterMethod tearDown" time="0.0" classname="browserStackTestNG.BrowserStackTestNGTest">
    <failure type="java.lang.NullPointerException">
      <![CDATA[java.lang.NullPointerException
	at browserStackTestNG.BrowserStackTestNGTest.tearDown(BrowserStackTestNGTest.java:117)
	at java.util.concurrent.FutureTask.run(FutureTask.java:266)
	at java.util.concurrent.ThreadPoolExecutor.runWorker(ThreadPoolExecutor.java:1142)
	at java.util.concurrent.ThreadPoolExecutor$Worker.run(ThreadPoolExecutor.java:617)
	at java.lang.Thread.run(Thread.java:745)
... Removed 17 stack frames]]>
    </failure>
  </testcase> <!-- @AfterMethod tearDown -->
  <testcase name="@BeforeMethod setUp" time="0.0" classname="browserStackTestNG.BrowserStackTestNGTest">
    <failure type="com.browserstack.local.LocalException" message=" *** Error: Either another browserstack local client is running on your machine or some server is listening on port 45691">
      <![CDATA[com.browserstack.local.LocalException:  *** Error: Either another browserstack local client is running on your machine or some server is listening on port 45691
	at com.browserstack.local.Local.start(Local.java:90)
	at browserStackTestNG.BrowserStackTestNGTest.setUp(BrowserStackTestNGTest.java:91)
	at java.util.concurrent.FutureTask.run(FutureTask.java:266)
	at java.util.concurrent.ThreadPoolExecutor.runWorker(ThreadPoolExecutor.java:1142)
	at java.util.concurrent.ThreadPoolExecutor$Worker.run(ThreadPoolExecutor.java:617)
	at java.lang.Thread.run(Thread.java:745)
... Removed 17 stack frames]]>
    </failure>
  </testcase> <!-- @BeforeMethod setUp -->
  <testcase name="@BeforeMethod handleTestMethodName" time="0.0" classname="stagingURL.TC26_Get_direction_button">
    <skipped/>
  </testcase> <!-- @BeforeMethod handleTestMethodName -->
  <testcase name="@AfterMethod getResult" time="0.0" classname="stagingURL.TC26_Get_direction_button">
    <skipped/>
  </testcase> <!-- @AfterMethod getResult -->
  <testcase name="@AfterMethod tearDown" time="0.0" classname="browserStackTestNG.BrowserStackTestNGTest">
    <failure type="java.lang.NullPointerException">
      <![CDATA[java.lang.NullPointerException
	at browserStackTestNG.BrowserStackTestNGTest.tearDown(BrowserStackTestNGTest.java:117)
	at java.util.concurrent.FutureTask.run(FutureTask.java:266)
	at java.util.concurrent.ThreadPoolExecutor.runWorker(ThreadPoolExecutor.java:1142)
	at java.util.concurrent.ThreadPoolExecutor$Worker.run(ThreadPoolExecutor.java:617)
	at java.lang.Thread.run(Thread.java:745)
... Removed 17 stack frames]]>
    </failure>
  </testcase> <!-- @AfterMethod tearDown -->
  <testcase name="@BeforeMethod setUp" time="0.0" classname="browserStackTestNG.BrowserStackTestNGTest">
    <failure type="com.browserstack.local.LocalException" message=" *** Error: Either another browserstack local client is running on your machine or some server is listening on port 45691">
      <![CDATA[com.browserstack.local.LocalException:  *** Error: Either another browserstack local client is running on your machine or some server is listening on port 45691
	at com.browserstack.local.Local.start(Local.java:90)
	at browserStackTestNG.BrowserStackTestNGTest.setUp(BrowserStackTestNGTest.java:91)
	at java.util.concurrent.FutureTask.run(FutureTask.java:266)
	at java.util.concurrent.ThreadPoolExecutor.runWorker(ThreadPoolExecutor.java:1142)
	at java.util.concurrent.ThreadPoolExecutor$Worker.run(ThreadPoolExecutor.java:617)
	at java.lang.Thread.run(Thread.java:745)
... Removed 17 stack frames]]>
    </failure>
  </testcase> <!-- @BeforeMethod setUp -->
  <testcase name="@BeforeMethod handleTestMethodName" time="0.0" classname="stagingURL.TC28_Close_button_bubble_icon">
    <skipped/>
  </testcase> <!-- @BeforeMethod handleTestMethodName -->
  <testcase name="@AfterMethod getResult" time="0.0" classname="stagingURL.TC28_Close_button_bubble_icon">
    <skipped/>
  </testcase> <!-- @AfterMethod getResult -->
  <testcase name="@AfterMethod tearDown" time="0.0" classname="browserStackTestNG.BrowserStackTestNGTest">
    <failure type="java.lang.NullPointerException">
      <![CDATA[java.lang.NullPointerException
	at browserStackTestNG.BrowserStackTestNGTest.tearDown(BrowserStackTestNGTest.java:117)
	at java.util.concurrent.FutureTask.run(FutureTask.java:266)
	at java.util.concurrent.ThreadPoolExecutor.runWorker(ThreadPoolExecutor.java:1142)
	at java.util.concurrent.ThreadPoolExecutor$Worker.run(ThreadPoolExecutor.java:617)
	at java.lang.Thread.run(Thread.java:745)
... Removed 17 stack frames]]>
    </failure>
  </testcase> <!-- @AfterMethod tearDown -->
  <testcase name="@BeforeMethod setUp" time="0.0" classname="browserStackTestNG.BrowserStackTestNGTest">
    <failure type="com.browserstack.local.LocalException" message=" *** Error: Either another browserstack local client is running on your machine or some server is listening on port 45691">
      <![CDATA[com.browserstack.local.LocalException:  *** Error: Either another browserstack local client is running on your machine or some server is listening on port 45691
	at com.browserstack.local.Local.start(Local.java:90)
	at browserStackTestNG.BrowserStackTestNGTest.setUp(BrowserStackTestNGTest.java:91)
	at java.util.concurrent.FutureTask.run(FutureTask.java:266)
	at java.util.concurrent.ThreadPoolExecutor.runWorker(ThreadPoolExecutor.java:1142)
	at java.util.concurrent.ThreadPoolExecutor$Worker.run(ThreadPoolExecutor.java:617)
	at java.lang.Thread.run(Thread.java:745)
... Removed 17 stack frames]]>
    </failure>
  </testcase> <!-- @BeforeMethod setUp -->
  <testcase name="@BeforeMethod handleTestMethodName" time="0.0" classname="stagingURL.TC29_Send_Location_details_to_Phone_via_SMS">
    <skipped/>
  </testcase> <!-- @BeforeMethod handleTestMethodName -->
  <testcase name="@AfterMethod getResult" time="0.0" classname="stagingURL.TC29_Send_Location_details_to_Phone_via_SMS">
    <skipped/>
  </testcase> <!-- @AfterMethod getResult -->
  <testcase name="@AfterMethod tearDown" time="0.0" classname="browserStackTestNG.BrowserStackTestNGTest">
    <failure type="java.lang.NullPointerException">
      <![CDATA[java.lang.NullPointerException
	at browserStackTestNG.BrowserStackTestNGTest.tearDown(BrowserStackTestNGTest.java:117)
	at java.util.concurrent.FutureTask.run(FutureTask.java:266)
	at java.util.concurrent.ThreadPoolExecutor.runWorker(ThreadPoolExecutor.java:1142)
	at java.util.concurrent.ThreadPoolExecutor$Worker.run(ThreadPoolExecutor.java:617)
	at java.lang.Thread.run(Thread.java:745)
... Removed 17 stack frames]]>
    </failure>
  </testcase> <!-- @AfterMethod tearDown -->
  <testcase name="@BeforeMethod setUp" time="0.0" classname="browserStackTestNG.BrowserStackTestNGTest">
    <failure type="com.browserstack.local.LocalException" message=" *** Error: Either another browserstack local client is running on your machine or some server is listening on port 45691">
      <![CDATA[com.browserstack.local.LocalException:  *** Error: Either another browserstack local client is running on your machine or some server is listening on port 45691
	at com.browserstack.local.Local.start(Local.java:90)
	at browserStackTestNG.BrowserStackTestNGTest.setUp(BrowserStackTestNGTest.java:91)
	at java.util.concurrent.FutureTask.run(FutureTask.java:266)
	at java.util.concurrent.ThreadPoolExecutor.runWorker(ThreadPoolExecutor.java:1142)
	at java.util.concurrent.ThreadPoolExecutor$Worker.run(ThreadPoolExecutor.java:617)
	at java.lang.Thread.run(Thread.java:745)
... Removed 17 stack frames]]>
    </failure>
  </testcase> <!-- @BeforeMethod setUp -->
  <testcase name="@BeforeMethod handleTestMethodName" time="0.0" classname="stagingURL.TC2_To_verify_regionalmap_presented_on_page_load">
    <skipped/>
  </testcase> <!-- @BeforeMethod handleTestMethodName -->
  <testcase name="@AfterMethod getResult" time="0.0" classname="stagingURL.TC2_To_verify_regionalmap_presented_on_page_load">
    <skipped/>
  </testcase> <!-- @AfterMethod getResult -->
  <testcase name="@AfterMethod tearDown" time="0.0" classname="browserStackTestNG.BrowserStackTestNGTest">
    <failure type="java.lang.NullPointerException">
      <![CDATA[java.lang.NullPointerException
	at browserStackTestNG.BrowserStackTestNGTest.tearDown(BrowserStackTestNGTest.java:117)
	at java.util.concurrent.FutureTask.run(FutureTask.java:266)
	at java.util.concurrent.ThreadPoolExecutor.runWorker(ThreadPoolExecutor.java:1142)
	at java.util.concurrent.ThreadPoolExecutor$Worker.run(ThreadPoolExecutor.java:617)
	at java.lang.Thread.run(Thread.java:745)
... Removed 17 stack frames]]>
    </failure>
  </testcase> <!-- @AfterMethod tearDown -->
  <testcase name="@BeforeMethod setUp" time="0.0" classname="browserStackTestNG.BrowserStackTestNGTest">
    <failure type="com.browserstack.local.LocalException" message=" *** Error: Either another browserstack local client is running on your machine or some server is listening on port 45691">
      <![CDATA[com.browserstack.local.LocalException:  *** Error: Either another browserstack local client is running on your machine or some server is listening on port 45691
	at com.browserstack.local.Local.start(Local.java:90)
	at browserStackTestNG.BrowserStackTestNGTest.setUp(BrowserStackTestNGTest.java:91)
	at java.util.concurrent.FutureTask.run(FutureTask.java:266)
	at java.util.concurrent.ThreadPoolExecutor.runWorker(ThreadPoolExecutor.java:1142)
	at java.util.concurrent.ThreadPoolExecutor$Worker.run(ThreadPoolExecutor.java:617)
	at java.lang.Thread.run(Thread.java:745)
... Removed 17 stack frames]]>
    </failure>
  </testcase> <!-- @BeforeMethod setUp -->
  <testcase name="@BeforeMethod handleTestMethodName" time="0.0" classname="stagingURL.TC30_Send_Location_details_to_email_address">
    <skipped/>
  </testcase> <!-- @BeforeMethod handleTestMethodName -->
  <testcase name="@AfterMethod getResult" time="0.0" classname="stagingURL.TC30_Send_Location_details_to_email_address">
    <skipped/>
  </testcase> <!-- @AfterMethod getResult -->
  <testcase name="@AfterMethod tearDown" time="0.0" classname="browserStackTestNG.BrowserStackTestNGTest">
    <failure type="java.lang.NullPointerException">
      <![CDATA[java.lang.NullPointerException
	at browserStackTestNG.BrowserStackTestNGTest.tearDown(BrowserStackTestNGTest.java:117)
	at java.util.concurrent.FutureTask.run(FutureTask.java:266)
	at java.util.concurrent.ThreadPoolExecutor.runWorker(ThreadPoolExecutor.java:1142)
	at java.util.concurrent.ThreadPoolExecutor$Worker.run(ThreadPoolExecutor.java:617)
	at java.lang.Thread.run(Thread.java:745)
... Removed 17 stack frames]]>
    </failure>
  </testcase> <!-- @AfterMethod tearDown -->
  <testcase name="@BeforeMethod setUp" time="0.0" classname="browserStackTestNG.BrowserStackTestNGTest">
    <failure type="com.browserstack.local.LocalException" message=" *** Error: Either another browserstack local client is running on your machine or some server is listening on port 45691">
      <![CDATA[com.browserstack.local.LocalException:  *** Error: Either another browserstack local client is running on your machine or some server is listening on port 45691
	at com.browserstack.local.Local.start(Local.java:90)
	at browserStackTestNG.BrowserStackTestNGTest.setUp(BrowserStackTestNGTest.java:91)
	at java.util.concurrent.FutureTask.run(FutureTask.java:266)
	at java.util.concurrent.ThreadPoolExecutor.runWorker(ThreadPoolExecutor.java:1142)
	at java.util.concurrent.ThreadPoolExecutor$Worker.run(ThreadPoolExecutor.java:617)
	at java.lang.Thread.run(Thread.java:745)
... Removed 17 stack frames]]>
    </failure>
  </testcase> <!-- @BeforeMethod setUp -->
  <testcase name="@BeforeMethod handleTestMethodName" time="0.0" classname="stagingURL.TC33_Search_radius_selection">
    <skipped/>
  </testcase> <!-- @BeforeMethod handleTestMethodName -->
  <testcase name="@AfterMethod getResult" time="0.0" classname="stagingURL.TC33_Search_radius_selection">
    <skipped/>
  </testcase> <!-- @AfterMethod getResult -->
  <testcase name="@AfterMethod tearDown" time="0.0" classname="browserStackTestNG.BrowserStackTestNGTest">
    <failure type="java.lang.NullPointerException">
      <![CDATA[java.lang.NullPointerException
	at browserStackTestNG.BrowserStackTestNGTest.tearDown(BrowserStackTestNGTest.java:117)
	at java.util.concurrent.FutureTask.run(FutureTask.java:266)
	at java.util.concurrent.ThreadPoolExecutor.runWorker(ThreadPoolExecutor.java:1142)
	at java.util.concurrent.ThreadPoolExecutor$Worker.run(ThreadPoolExecutor.java:617)
	at java.lang.Thread.run(Thread.java:745)
... Removed 17 stack frames]]>
    </failure>
  </testcase> <!-- @AfterMethod tearDown -->
  <testcase name="@BeforeMethod setUp" time="0.0" classname="browserStackTestNG.BrowserStackTestNGTest">
    <failure type="com.browserstack.local.LocalException" message=" *** Error: Either another browserstack local client is running on your machine or some server is listening on port 45691">
      <![CDATA[com.browserstack.local.LocalException:  *** Error: Either another browserstack local client is running on your machine or some server is listening on port 45691
	at com.browserstack.local.Local.start(Local.java:90)
	at browserStackTestNG.BrowserStackTestNGTest.setUp(BrowserStackTestNGTest.java:91)
	at java.util.concurrent.FutureTask.run(FutureTask.java:266)
	at java.util.concurrent.ThreadPoolExecutor.runWorker(ThreadPoolExecutor.java:1142)
	at java.util.concurrent.ThreadPoolExecutor$Worker.run(ThreadPoolExecutor.java:617)
	at java.lang.Thread.run(Thread.java:745)
... Removed 17 stack frames]]>
    </failure>
  </testcase> <!-- @BeforeMethod setUp -->
  <testcase name="@BeforeMethod handleTestMethodName" time="0.0" classname="stagingURL.TC3_To_veirfy_on_Mobile_device_is_GPS_location_detected">
    <skipped/>
  </testcase> <!-- @BeforeMethod handleTestMethodName -->
  <testcase name="@AfterMethod getResult" time="0.0" classname="stagingURL.TC3_To_veirfy_on_Mobile_device_is_GPS_location_detected">
    <skipped/>
  </testcase> <!-- @AfterMethod getResult -->
  <testcase name="@AfterMethod tearDown" time="0.0" classname="browserStackTestNG.BrowserStackTestNGTest">
    <failure type="java.lang.NullPointerException">
      <![CDATA[java.lang.NullPointerException
	at browserStackTestNG.BrowserStackTestNGTest.tearDown(BrowserStackTestNGTest.java:117)
	at java.util.concurrent.FutureTask.run(FutureTask.java:266)
	at java.util.concurrent.ThreadPoolExecutor.runWorker(ThreadPoolExecutor.java:1142)
	at java.util.concurrent.ThreadPoolExecutor$Worker.run(ThreadPoolExecutor.java:617)
	at java.lang.Thread.run(Thread.java:745)
... Removed 17 stack frames]]>
    </failure>
  </testcase> <!-- @AfterMethod tearDown -->
  <testcase name="@BeforeMethod setUp" time="0.0" classname="browserStackTestNG.BrowserStackTestNGTest">
    <failure type="com.browserstack.local.LocalException" message=" *** Error: Either another browserstack local client is running on your machine or some server is listening on port 45691">
      <![CDATA[com.browserstack.local.LocalException:  *** Error: Either another browserstack local client is running on your machine or some server is listening on port 45691
	at com.browserstack.local.Local.start(Local.java:90)
	at browserStackTestNG.BrowserStackTestNGTest.setUp(BrowserStackTestNGTest.java:91)
	at java.util.concurrent.FutureTask.run(FutureTask.java:266)
	at java.util.concurrent.ThreadPoolExecutor.runWorker(ThreadPoolExecutor.java:1142)
	at java.util.concurrent.ThreadPoolExecutor$Worker.run(ThreadPoolExecutor.java:617)
	at java.lang.Thread.run(Thread.java:745)
... Removed 17 stack frames]]>
    </failure>
  </testcase> <!-- @BeforeMethod setUp -->
  <testcase name="@BeforeMethod handleTestMethodName" time="0.0" classname="stagingURL.TC40_Header_Footer_links">
    <skipped/>
  </testcase> <!-- @BeforeMethod handleTestMethodName -->
  <testcase name="@AfterMethod getResult" time="0.0" classname="stagingURL.TC40_Header_Footer_links">
    <skipped/>
  </testcase> <!-- @AfterMethod getResult -->
  <testcase name="@AfterMethod tearDown" time="0.0" classname="browserStackTestNG.BrowserStackTestNGTest">
    <failure type="java.lang.NullPointerException">
      <![CDATA[java.lang.NullPointerException
	at browserStackTestNG.BrowserStackTestNGTest.tearDown(BrowserStackTestNGTest.java:117)
	at java.util.concurrent.FutureTask.run(FutureTask.java:266)
	at java.util.concurrent.ThreadPoolExecutor.runWorker(ThreadPoolExecutor.java:1142)
	at java.util.concurrent.ThreadPoolExecutor$Worker.run(ThreadPoolExecutor.java:617)
	at java.lang.Thread.run(Thread.java:745)
... Removed 17 stack frames]]>
    </failure>
  </testcase> <!-- @AfterMethod tearDown -->
  <testcase name="@BeforeMethod setUp" time="0.0" classname="browserStackTestNG.BrowserStackTestNGTest">
    <failure type="com.browserstack.local.LocalException" message=" *** Error: Either another browserstack local client is running on your machine or some server is listening on port 45691">
      <![CDATA[com.browserstack.local.LocalException:  *** Error: Either another browserstack local client is running on your machine or some server is listening on port 45691
	at com.browserstack.local.Local.start(Local.java:90)
	at browserStackTestNG.BrowserStackTestNGTest.setUp(BrowserStackTestNGTest.java:91)
	at java.util.concurrent.FutureTask.run(FutureTask.java:266)
	at java.util.concurrent.ThreadPoolExecutor.runWorker(ThreadPoolExecutor.java:1142)
	at java.util.concurrent.ThreadPoolExecutor$Worker.run(ThreadPoolExecutor.java:617)
	at java.lang.Thread.run(Thread.java:745)
... Removed 17 stack frames]]>
    </failure>
  </testcase> <!-- @BeforeMethod setUp -->
  <testcase name="@BeforeMethod handleTestMethodName" time="0.0" classname="stagingURL.TC4_Blank_address_search_textbox">
    <skipped/>
  </testcase> <!-- @BeforeMethod handleTestMethodName -->
  <testcase name="@AfterMethod getResult" time="0.0" classname="stagingURL.TC4_Blank_address_search_textbox">
    <skipped/>
  </testcase> <!-- @AfterMethod getResult -->
  <testcase name="@AfterMethod tearDown" time="0.0" classname="browserStackTestNG.BrowserStackTestNGTest">
    <failure type="java.lang.NullPointerException">
      <![CDATA[java.lang.NullPointerException
	at browserStackTestNG.BrowserStackTestNGTest.tearDown(BrowserStackTestNGTest.java:117)
	at java.util.concurrent.FutureTask.run(FutureTask.java:266)
	at java.util.concurrent.ThreadPoolExecutor.runWorker(ThreadPoolExecutor.java:1142)
	at java.util.concurrent.ThreadPoolExecutor$Worker.run(ThreadPoolExecutor.java:617)
	at java.lang.Thread.run(Thread.java:745)
... Removed 17 stack frames]]>
    </failure>
  </testcase> <!-- @AfterMethod tearDown -->
  <testcase name="@BeforeMethod setUp" time="0.0" classname="browserStackTestNG.BrowserStackTestNGTest">
    <failure type="com.browserstack.local.LocalException" message=" *** Error: Either another browserstack local client is running on your machine or some server is listening on port 45691">
      <![CDATA[com.browserstack.local.LocalException:  *** Error: Either another browserstack local client is running on your machine or some server is listening on port 45691
	at com.browserstack.local.Local.start(Local.java:90)
	at browserStackTestNG.BrowserStackTestNGTest.setUp(BrowserStackTestNGTest.java:91)
	at java.util.concurrent.FutureTask.run(FutureTask.java:266)
	at java.util.concurrent.ThreadPoolExecutor.runWorker(ThreadPoolExecutor.java:1142)
	at java.util.concurrent.ThreadPoolExecutor$Worker.run(ThreadPoolExecutor.java:617)
	at java.lang.Thread.run(Thread.java:745)
... Removed 17 stack frames]]>
    </failure>
  </testcase> <!-- @BeforeMethod setUp -->
  <testcase name="@BeforeMethod handleTestMethodName" time="0.0" classname="stagingURL.TC5_Special_characters_in_the_search_textbox">
    <skipped/>
  </testcase> <!-- @BeforeMethod handleTestMethodName -->
  <testcase name="@AfterMethod getResult" time="0.0" classname="stagingURL.TC5_Special_characters_in_the_search_textbox">
    <skipped/>
  </testcase> <!-- @AfterMethod getResult -->
  <testcase name="@AfterMethod tearDown" time="0.0" classname="browserStackTestNG.BrowserStackTestNGTest">
    <failure type="java.lang.NullPointerException">
      <![CDATA[java.lang.NullPointerException
	at browserStackTestNG.BrowserStackTestNGTest.tearDown(BrowserStackTestNGTest.java:117)
	at java.util.concurrent.FutureTask.run(FutureTask.java:266)
	at java.util.concurrent.ThreadPoolExecutor.runWorker(ThreadPoolExecutor.java:1142)
	at java.util.concurrent.ThreadPoolExecutor$Worker.run(ThreadPoolExecutor.java:617)
	at java.lang.Thread.run(Thread.java:745)
... Removed 17 stack frames]]>
    </failure>
  </testcase> <!-- @AfterMethod tearDown -->
  <testcase name="@BeforeMethod setUp" time="0.0" classname="browserStackTestNG.BrowserStackTestNGTest">
    <failure type="com.browserstack.local.LocalException" message=" *** Error: Either another browserstack local client is running on your machine or some server is listening on port 45691">
      <![CDATA[com.browserstack.local.LocalException:  *** Error: Either another browserstack local client is running on your machine or some server is listening on port 45691
	at com.browserstack.local.Local.start(Local.java:90)
	at browserStackTestNG.BrowserStackTestNGTest.setUp(BrowserStackTestNGTest.java:91)
	at java.util.concurrent.FutureTask.run(FutureTask.java:266)
	at java.util.concurrent.ThreadPoolExecutor.runWorker(ThreadPoolExecutor.java:1142)
	at java.util.concurrent.ThreadPoolExecutor$Worker.run(ThreadPoolExecutor.java:617)
	at java.lang.Thread.run(Thread.java:745)
... Removed 17 stack frames]]>
    </failure>
  </testcase> <!-- @BeforeMethod setUp -->
  <testcase name="@BeforeMethod handleTestMethodName" time="0.0" classname="stagingURL.TC6_valid_postal_code">
    <skipped/>
  </testcase> <!-- @BeforeMethod handleTestMethodName -->
  <testcase name="@AfterMethod getResult" time="0.0" classname="stagingURL.TC6_valid_postal_code">
    <skipped/>
  </testcase> <!-- @AfterMethod getResult -->
  <testcase name="@AfterMethod tearDown" time="0.0" classname="browserStackTestNG.BrowserStackTestNGTest">
    <failure type="java.lang.NullPointerException">
      <![CDATA[java.lang.NullPointerException
	at browserStackTestNG.BrowserStackTestNGTest.tearDown(BrowserStackTestNGTest.java:117)
	at java.util.concurrent.FutureTask.run(FutureTask.java:266)
	at java.util.concurrent.ThreadPoolExecutor.runWorker(ThreadPoolExecutor.java:1142)
	at java.util.concurrent.ThreadPoolExecutor$Worker.run(ThreadPoolExecutor.java:617)
	at java.lang.Thread.run(Thread.java:745)
... Removed 17 stack frames]]>
    </failure>
  </testcase> <!-- @AfterMethod tearDown -->
  <testcase name="@BeforeMethod setUp" time="0.0" classname="browserStackTestNG.BrowserStackTestNGTest">
    <failure type="com.browserstack.local.LocalException" message=" *** Error: Either another browserstack local client is running on your machine or some server is listening on port 45691">
      <![CDATA[com.browserstack.local.LocalException:  *** Error: Either another browserstack local client is running on your machine or some server is listening on port 45691
	at com.browserstack.local.Local.start(Local.java:90)
	at browserStackTestNG.BrowserStackTestNGTest.setUp(BrowserStackTestNGTest.java:91)
	at java.util.concurrent.FutureTask.run(FutureTask.java:266)
	at java.util.concurrent.ThreadPoolExecutor.runWorker(ThreadPoolExecutor.java:1142)
	at java.util.concurrent.ThreadPoolExecutor$Worker.run(ThreadPoolExecutor.java:617)
	at java.lang.Thread.run(Thread.java:745)
... Removed 17 stack frames]]>
    </failure>
  </testcase> <!-- @BeforeMethod setUp -->
  <testcase name="@BeforeMethod handleTestMethodName" time="0.0" classname="stagingURL.TC7_invalid_postal_code">
    <skipped/>
  </testcase> <!-- @BeforeMethod handleTestMethodName -->
  <testcase name="@AfterMethod getResult" time="0.0" classname="stagingURL.TC7_invalid_postal_code">
    <skipped/>
  </testcase> <!-- @AfterMethod getResult -->
  <testcase name="@AfterMethod tearDown" time="0.0" classname="browserStackTestNG.BrowserStackTestNGTest">
    <failure type="java.lang.NullPointerException">
      <![CDATA[java.lang.NullPointerException
	at browserStackTestNG.BrowserStackTestNGTest.tearDown(BrowserStackTestNGTest.java:117)
	at java.util.concurrent.FutureTask.run(FutureTask.java:266)
	at java.util.concurrent.ThreadPoolExecutor.runWorker(ThreadPoolExecutor.java:1142)
	at java.util.concurrent.ThreadPoolExecutor$Worker.run(ThreadPoolExecutor.java:617)
	at java.lang.Thread.run(Thread.java:745)
... Removed 17 stack frames]]>
    </failure>
  </testcase> <!-- @AfterMethod tearDown -->
  <testcase name="@BeforeMethod setUp" time="0.0" classname="browserStackTestNG.BrowserStackTestNGTest">
    <failure type="com.browserstack.local.LocalException" message=" *** Error: Either another browserstack local client is running on your machine or some server is listening on port 45691">
      <![CDATA[com.browserstack.local.LocalException:  *** Error: Either another browserstack local client is running on your machine or some server is listening on port 45691
	at com.browserstack.local.Local.start(Local.java:90)
	at browserStackTestNG.BrowserStackTestNGTest.setUp(BrowserStackTestNGTest.java:91)
	at java.util.concurrent.FutureTask.run(FutureTask.java:266)
	at java.util.concurrent.ThreadPoolExecutor.runWorker(ThreadPoolExecutor.java:1142)
	at java.util.concurrent.ThreadPoolExecutor$Worker.run(ThreadPoolExecutor.java:617)
	at java.lang.Thread.run(Thread.java:745)
... Removed 17 stack frames]]>
    </failure>
  </testcase> <!-- @BeforeMethod setUp -->
  <testcase name="@BeforeMethod handleTestMethodName" time="0.0" classname="stagingURL.TC8_valid_city_and_state_name">
    <skipped/>
  </testcase> <!-- @BeforeMethod handleTestMethodName -->
  <testcase name="@AfterMethod getResult" time="0.0" classname="stagingURL.TC8_valid_city_and_state_name">
    <skipped/>
  </testcase> <!-- @AfterMethod getResult -->
  <testcase name="@AfterMethod tearDown" time="0.0" classname="browserStackTestNG.BrowserStackTestNGTest">
    <failure type="java.lang.NullPointerException">
      <![CDATA[java.lang.NullPointerException
	at browserStackTestNG.BrowserStackTestNGTest.tearDown(BrowserStackTestNGTest.java:117)
	at java.util.concurrent.FutureTask.run(FutureTask.java:266)
	at java.util.concurrent.ThreadPoolExecutor.runWorker(ThreadPoolExecutor.java:1142)
	at java.util.concurrent.ThreadPoolExecutor$Worker.run(ThreadPoolExecutor.java:617)
	at java.lang.Thread.run(Thread.java:745)
... Removed 17 stack frames]]>
    </failure>
  </testcase> <!-- @AfterMethod tearDown -->
  <testcase name="@BeforeMethod setUp" time="0.0" classname="browserStackTestNG.BrowserStackTestNGTest">
    <failure type="com.browserstack.local.LocalException" message=" *** Error: Either another browserstack local client is running on your machine or some server is listening on port 45691">
      <![CDATA[com.browserstack.local.LocalException:  *** Error: Either another browserstack local client is running on your machine or some server is listening on port 45691
	at com.browserstack.local.Local.start(Local.java:90)
	at browserStackTestNG.BrowserStackTestNGTest.setUp(BrowserStackTestNGTest.java:91)
	at java.util.concurrent.FutureTask.run(FutureTask.java:266)
	at java.util.concurrent.ThreadPoolExecutor.runWorker(ThreadPoolExecutor.java:1142)
	at java.util.concurrent.ThreadPoolExecutor$Worker.run(ThreadPoolExecutor.java:617)
	at java.lang.Thread.run(Thread.java:745)
... Removed 17 stack frames]]>
    </failure>
  </testcase> <!-- @BeforeMethod setUp -->
  <testcase name="@BeforeMethod handleTestMethodName" time="0.0" classname="stagingURL.TC9_Invalid_city_and_state_name">
    <skipped/>
  </testcase> <!-- @BeforeMethod handleTestMethodName -->
  <testcase name="@AfterMethod getResult" time="0.0" classname="stagingURL.TC9_Invalid_city_and_state_name">
    <skipped/>
  </testcase> <!-- @AfterMethod getResult -->
  <testcase name="@AfterMethod tearDown" time="0.0" classname="browserStackTestNG.BrowserStackTestNGTest">
    <failure type="java.lang.NullPointerException">
      <![CDATA[java.lang.NullPointerException
	at browserStackTestNG.BrowserStackTestNGTest.tearDown(BrowserStackTestNGTest.java:117)
	at java.util.concurrent.FutureTask.run(FutureTask.java:266)
	at java.util.concurrent.ThreadPoolExecutor.runWorker(ThreadPoolExecutor.java:1142)
	at java.util.concurrent.ThreadPoolExecutor$Worker.run(ThreadPoolExecutor.java:617)
	at java.lang.Thread.run(Thread.java:745)
... Removed 17 stack frames]]>
    </failure>
  </testcase> <!-- @AfterMethod tearDown -->
  <testcase name="valid_cityName_invalid_state" time="0.0" classname="stagingURL.TC10_valid_cityName_invalid_state">
    <skipped/>
  </testcase> <!-- valid_cityName_invalid_state -->
  <testcase name="valid_cityName_invalid_state" time="0.0" classname="stagingURL.TC11_Valid_StreetAddress_City_and_StateProvince_provided">
    <skipped/>
  </testcase> <!-- valid_cityName_invalid_state -->
  <testcase name="invalid_Street_address_with_valid_CityName_and_valid_StateName" time="0.001" classname="stagingURL.TC12_Invalid_Street_address_with_valid_CityName_and_valid_StateName">
    <skipped/>
  </testcase> <!-- invalid_Street_address_with_valid_CityName_and_valid_StateName -->
  <testcase name="invalid_postal_code" time="0.0" classname="stagingURL.TC13_Valid_Street_address_with_invalid_City_name_and_valid_StateProvince_name">
    <skipped/>
  </testcase> <!-- invalid_postal_code -->
  <testcase name="moving_the_map_by_dragging" time="0.001" classname="stagingURL.TC14_Moving_the_map_by_dragging">
    <skipped/>
  </testcase> <!-- moving_the_map_by_dragging -->
  <testcase name="no_changes_to_search_filters_based_on_the_map_movement" time="0.0" classname="stagingURL.TC18_No_changes_to_search_filters_based_on_the_map_movement">
    <skipped/>
  </testcase> <!-- no_changes_to_search_filters_based_on_the_map_movement -->
  <testcase name="verify_page_load_on_browser" time="0.0" classname="stagingURL.TC1_To_verify_page_load_on_browser">
    <skipped/>
  </testcase> <!-- verify_page_load_on_browser -->
  <testcase name="zoom_In" time="0.0" classname="stagingURL.TC22_Zoom_In">
    <skipped/>
  </testcase> <!-- zoom_In -->
  <testcase name="zoom_out" time="0.001" classname="stagingURL.TC23_Zoom_out">
    <skipped/>
  </testcase> <!-- zoom_out -->
  <testcase name="result_Panel_Click_on_Bubble" time="0.0" classname="stagingURL.TC25_Result_Panel_Click_on_Bubble">
    <skipped/>
  </testcase> <!-- result_Panel_Click_on_Bubble -->
  <testcase name="get_Direction_Button" time="0.0" classname="stagingURL.TC26_Get_direction_button">
    <skipped/>
  </testcase> <!-- get_Direction_Button -->
  <testcase name="close_button_of_the_details_bubble_icon" time="0.0" classname="stagingURL.TC28_Close_button_bubble_icon">
    <skipped/>
  </testcase> <!-- close_button_of_the_details_bubble_icon -->
  <testcase name="send_location_details_to_phone_via_sms" time="0.001" classname="stagingURL.TC29_Send_Location_details_to_Phone_via_SMS">
    <skipped/>
  </testcase> <!-- send_location_details_to_phone_via_sms -->
  <testcase name="verify_regionalmap_presented_on_page_load" time="0.0" classname="stagingURL.TC2_To_verify_regionalmap_presented_on_page_load">
    <skipped/>
  </testcase> <!-- verify_regionalmap_presented_on_page_load -->
  <testcase name="send_location_details_to_email_address" time="0.0" classname="stagingURL.TC30_Send_Location_details_to_email_address">
    <skipped/>
  </testcase> <!-- send_location_details_to_email_address -->
  <testcase name="search_radius_selection" time="0.0" classname="stagingURL.TC33_Search_radius_selection">
    <skipped/>
  </testcase> <!-- search_radius_selection -->
  <testcase name="to_veirfy_on_Mobile_device_is_GPS_location_detected" time="0.0" classname="stagingURL.TC3_To_veirfy_on_Mobile_device_is_GPS_location_detected">
    <skipped/>
  </testcase> <!-- to_veirfy_on_Mobile_device_is_GPS_location_detected -->
  <testcase name="eader_Footer_links" time="0.0" classname="stagingURL.TC40_Header_Footer_links">
    <skipped/>
  </testcase> <!-- eader_Footer_links -->
  <testcase name="blank_address_search_textbox" time="0.0" classname="stagingURL.TC4_Blank_address_search_textbox">
    <skipped/>
  </testcase> <!-- blank_address_search_textbox -->
  <testcase name="special_characters_in_the_search_textbox" time="0.001" classname="stagingURL.TC5_Special_characters_in_the_search_textbox">
    <skipped/>
  </testcase> <!-- special_characters_in_the_search_textbox -->
  <testcase name="valid_postal_code" time="0.0" classname="stagingURL.TC6_valid_postal_code">
    <skipped/>
  </testcase> <!-- valid_postal_code -->
  <testcase name="valid_postal_code" time="0.0" classname="stagingURL.TC7_invalid_postal_code">
    <skipped/>
  </testcase> <!-- valid_postal_code -->
  <testcase name="valid_postal_code" time="0.001" classname="stagingURL.TC8_valid_city_and_state_name">
    <skipped/>
  </testcase> <!-- valid_postal_code -->
  <testcase name="invalid_postal_code" time="0.0" classname="stagingURL.TC9_Invalid_city_and_state_name">
    <skipped/>
  </testcase> <!-- invalid_postal_code -->
</testsuite> <!-- SingleTestAndroid -->
