<?xml version="1.0" encoding="UTF-8"?>
<!-- Generated by org.testng.reporters.JUnitXMLReporter -->
<testsuite hostname="II5MACMINI-04.local" ignored="0" name="TestSuite" tests="2" failures="0" timestamp="10 Mar 2017 12:57:26 GMT" time="43.672" errors="0">
  <testcase name="verify_page_load_on_browser" time="19.734" classname="stagingQA1.QA1_To_verify_page_load_on_browser"/>
  <testcase name="verify_regionalmap_presented_on_page_load" time="19.794" classname="stagingQA1.QA2_To_verify_regionalmap_presented_on_page_load"/>
</testsuite> <!-- TestSuite -->
