<?xml version="1.0" encoding="UTF-8"?>
<!-- Generated by org.testng.reporters.JUnitXMLReporter -->
<testsuite hostname="II5MACMINI-04.local" ignored="0" name="TestSuite" tests="1" failures="1" timestamp="17 Mar 2017 13:13:07 GMT" time="60.183" errors="0">
  <testcase name="send_location_details_to_email_address" time="56.771" classname="stagingURL.TC30_Send_Location_details_to_email_address">
    <failure type="java.lang.AssertionError" message="The following asserts failed:
	expected [Your results have been sent to your e-mail address.

Thanks!] but found [Your results have been sent to your e-mail address.

 Thanks!],
	expected [Your results have been sent to your e-mail address.

Thanks!] but found [Your results have been sent to your e-mail address.

 Thanks!]">
      <![CDATA[java.lang.AssertionError: The following asserts failed:
	expected [Your results have been sent to your e-mail address.

Thanks!] but found [Your results have been sent to your e-mail address.

 Thanks!],
	expected [Your results have been sent to your e-mail address.

Thanks!] but found [Your results have been sent to your e-mail address.

 Thanks!]
	at stagingURL.TC30_Send_Location_details_to_email_address.send_location_details_to_email_address(TC30_Send_Location_details_to_email_address.java:117)
	at java.util.concurrent.ThreadPoolExecutor.runWorker(ThreadPoolExecutor.java:1142)
	at java.util.concurrent.ThreadPoolExecutor$Worker.run(ThreadPoolExecutor.java:617)
	at java.lang.Thread.run(Thread.java:745)
... Removed 11 stack frames]]>
    </failure>
  </testcase> <!-- send_location_details_to_email_address -->
</testsuite> <!-- TestSuite -->
