<?xml version="1.0" encoding="UTF-8"?>
<!-- Generated by org.testng.reporters.JUnitXMLReporter -->
<testsuite hostname="II5MACMINI-04.local" ignored="0" name="backBoneSuiteTest" tests="1" failures="0" timestamp="14 Mar 2017 11:57:48 GMT" time="2.281" errors="0">
  <testcase name="@BeforeMethod setUp" time="0.0" classname="browserStackTestNG.BrowserStackTestNGTest">
    <failure type="com.browserstack.local.LocalException" message=" *** Error: Either another browserstack local client is running on your machine or some server is listening on port 45691">
      <![CDATA[com.browserstack.local.LocalException:  *** Error: Either another browserstack local client is running on your machine or some server is listening on port 45691
	at com.browserstack.local.Local.start(Local.java:90)
	at browserStackTestNG.BrowserStackTestNGTest.setUp(BrowserStackTestNGTest.java:90)
... Removed 27 stack frames]]>
    </failure>
  </testcase> <!-- @BeforeMethod setUp -->
  <testcase name="@BeforeMethod handleTestMethodName" time="0.0" classname="stagingQA1.QA3_To_veirfy_on_Mobile_device_is_GPS_location_detected">
    <skipped/>
  </testcase> <!-- @BeforeMethod handleTestMethodName -->
  <testcase name="@AfterMethod getResult" time="0.0" classname="stagingQA1.QA3_To_veirfy_on_Mobile_device_is_GPS_location_detected">
    <skipped/>
  </testcase> <!-- @AfterMethod getResult -->
  <testcase name="@AfterMethod tearDown" time="0.0" classname="browserStackTestNG.BrowserStackTestNGTest">
    <failure type="java.lang.NullPointerException">
      <![CDATA[java.lang.NullPointerException
	at browserStackTestNG.BrowserStackTestNGTest.tearDown(BrowserStackTestNGTest.java:114)
... Removed 27 stack frames]]>
    </failure>
  </testcase> <!-- @AfterMethod tearDown -->
  <testcase name="to_veirfy_on_Mobile_device_is_GPS_location_detected" time="0.003" classname="stagingQA1.QA3_To_veirfy_on_Mobile_device_is_GPS_location_detected">
    <skipped/>
  </testcase> <!-- to_veirfy_on_Mobile_device_is_GPS_location_detected -->
</testsuite> <!-- backBoneSuiteTest -->
