<?xml version="1.0" encoding="UTF-8"?>
<!-- Generated by org.testng.reporters.JUnitXMLReporter -->
<testsuite hostname="II5MACMINI-04.local" ignored="0" name="On IE" tests="1" failures="1" timestamp="09 Mar 2017 09:29:16 GMT" time="24.825" errors="0">
  <testcase name="verify_page_load_on_browser" time="10.679" classname="stagingQA1.Verify_page_load_on_browser">
    <failure type="java.lang.NullPointerException">
      <![CDATA[java.lang.NullPointerException
	at stagingQA1.Verify_page_load_on_browser.verify_page_load_on_browser(Verify_page_load_on_browser.java:33)
... Removed 25 stack frames]]>
    </failure>
  </testcase> <!-- verify_page_load_on_browser -->
</testsuite> <!-- On IE -->
